<?xml version="1.0" encoding="UTF-8"?>
<testng-results skipped="0" failed="0" ignored="0" total="1" passed="1">
  <reporter-output>
  </reporter-output>
  <suite name="Default suite" duration-ms="3559" started-at="2021-08-03T19:18:25 AEST" finished-at="2021-08-03T19:18:29 AEST">
    <groups>
    </groups>
    <test name="Default test" duration-ms="3559" started-at="2021-08-03T19:18:25 AEST" finished-at="2021-08-03T19:18:29 AEST">
      <class name="Java8Maven.Java8Maven.DriverTest">
        <test-method status="PASS" signature="setUp(java.lang.String)[pri:0, instance:Java8Maven.Java8Maven.DriverTest@80503]" name="setUp" is-config="true" duration-ms="2024" started-at="2021-08-03T19:18:25 AEST" finished-at="2021-08-03T19:18:27 AEST">
          <params>
            <param index="0">
              <value>
                <![CDATA[chrome]]>
              </value>
            </param>
          </params>
          <reporter-output>
          </reporter-output>
        </test-method> <!-- setUp -->
        <test-method status="PASS" signature="launchGoogle()[pri:0, instance:Java8Maven.Java8Maven.DriverTest@80503]" name="launchGoogle" duration-ms="1479" started-at="2021-08-03T19:18:27 AEST" finished-at="2021-08-03T19:18:29 AEST">
          <reporter-output>
          </reporter-output>
        </test-method> <!-- launchGoogle -->
      </class> <!-- Java8Maven.Java8Maven.DriverTest -->
    </test> <!-- Default test -->
  </suite> <!-- Default suite -->
</testng-results>
